h:\parallelimagefiltering\parallelimagefiltering\x64\debug\vc142.pdb
h:\parallelimagefiltering\parallelimagefiltering\x64\debug\vc142.idb
h:\parallelimagefiltering\parallelimagefiltering\x64\debug\image_utils.obj
h:\parallelimagefiltering\parallelimagefiltering\x64\debug\filter.cu.obj
h:\parallelimagefiltering\parallelimagefiltering\x64\debug\main.cu.obj
c:\users\clhughes\desktop\parallelimagefiltering\parallelimagefiltering\x64\debug\filter.cu.cache
c:\users\clhughes\desktop\parallelimagefiltering\parallelimagefiltering\x64\debug\main.cu.cache
c:\users\clhughes\desktop\parallelimagefiltering\parallelimagefiltering\x64\debug\filter.cu.obj
c:\users\clhughes\desktop\parallelimagefiltering\parallelimagefiltering\x64\debug\image_utils.obj
c:\users\clhughes\desktop\parallelimagefiltering\parallelimagefiltering\x64\debug\main.cu.obj
c:\users\clhughes\desktop\parallelimagefiltering\parallelimagefiltering\x64\debug\vc142.idb
c:\users\clhughes\desktop\parallelimagefiltering\parallelimagefiltering\x64\debug\vc142.pdb
c:\users\clhughes\desktop\parallelimagefiltering\x64\debug\parallelimagefiltering.pdb
c:\users\clhughes\desktop\parallelimagefiltering\parallelimagefiltering\x64\debug\parallel.3f8534ba.tlog\cl.command.1.tlog
c:\users\clhughes\desktop\parallelimagefiltering\parallelimagefiltering\x64\debug\parallel.3f8534ba.tlog\cl.read.1.tlog
c:\users\clhughes\desktop\parallelimagefiltering\parallelimagefiltering\x64\debug\parallel.3f8534ba.tlog\cl.write.1.tlog
c:\users\clhughes\desktop\parallelimagefiltering\parallelimagefiltering\x64\debug\parallel.3f8534ba.tlog\cudacompile.read.1u.tlog
c:\users\clhughes\desktop\parallelimagefiltering\parallelimagefiltering\x64\debug\parallel.3f8534ba.tlog\cudacompile.write.1u.tlog
c:\users\clhughes\desktop\parallelimagefiltering\parallelimagefiltering\x64\debug\parallel.3f8534ba.tlog\link-cvtres.read.1.tlog
c:\users\clhughes\desktop\parallelimagefiltering\parallelimagefiltering\x64\debug\parallel.3f8534ba.tlog\link-cvtres.write.1.tlog
c:\users\clhughes\desktop\parallelimagefiltering\parallelimagefiltering\x64\debug\parallel.3f8534ba.tlog\link-rc.read.1.tlog
c:\users\clhughes\desktop\parallelimagefiltering\parallelimagefiltering\x64\debug\parallel.3f8534ba.tlog\link-rc.write.1.tlog
c:\users\clhughes\desktop\parallelimagefiltering\parallelimagefiltering\x64\debug\parallel.3f8534ba.tlog\link.command.1.tlog
c:\users\clhughes\desktop\parallelimagefiltering\parallelimagefiltering\x64\debug\parallel.3f8534ba.tlog\link.read.1.tlog
c:\users\clhughes\desktop\parallelimagefiltering\parallelimagefiltering\x64\debug\parallel.3f8534ba.tlog\link.write.1.tlog
